<?xml version="1.0" encoding="UTF-8"?>
<!-- Generated by org.testng.reporters.JUnitReportReporter -->
<testsuite hostname="LSPL309-PC" name="com.testcases.driverscripts.TestJar" tests="1" failures="0" timestamp="24 Apr 2020 08:03:17 GMT" time="0.008" errors="0">
  <testcase name="tests" time="0.008" classname="com.testcases.driverscripts.TestJar"/>
</testsuite> <!-- com.testcases.driverscripts.TestJar -->
